Using pre-set license

 COMMAND LINE ARGUMENTS:
/Applications/Unity/Hub/Editor/2020.3.16f1/Unity.app/Contents/MacOS/Unity
-adb2
-batchMode
-noUpm
-name
AssetImportWorker0
-projectPath
/Users/pro725221/Downloads/Maze
-logFile
Logs/AssetImportWorker0.log
-srvPort
60055
Successfully changed project path to: /Users/pro725221/Downloads/Maze
/Users/pro725221/Downloads/Maze
Using Asset Import Pipeline V2.
Refreshing native plugins compatible for Editor in 98.94 ms, found 2 plugins.
Preloading 0 native plugins for Editor in 0.00 ms.
Initialize engine version: 2020.3.16f1 (049d6eca3c44)
[Subsystems] Discovering subsystems at path /Applications/Unity/Hub/Editor/2020.3.16f1/Unity.app/Contents/Resources/UnitySubsystems
[Subsystems] Discovering subsystems at path /Users/pro725221/Downloads/Maze/Assets
GfxDevice: creating device client; threaded=0
2024-06-29 10:55:39.102 Unity[75174:48854120] Color LCD preferred device: Intel(R) Iris(TM) Graphics 6000 (low power)
2024-06-29 10:55:39.102 Unity[75174:48854120] Metal devices available: 1
2024-06-29 10:55:39.102 Unity[75174:48854120] 0: Intel(R) Iris(TM) Graphics 6000 (low power)
2024-06-29 10:55:39.106 Unity[75174:48854120] Using device Intel(R) Iris(TM) Graphics 6000 (low power)
Initializing Metal device caps: Intel(R) Iris(TM) Graphics 6000
Initialize mono
Mono path[0] = '/Applications/Unity/Hub/Editor/2020.3.16f1/Unity.app/Contents/Managed'
Mono path[1] = '/Applications/Unity/Hub/Editor/2020.3.16f1/Unity.app/Contents/MonoBleedingEdge/lib/mono/unityjit'
Mono config path = '/Applications/Unity/Hub/Editor/2020.3.16f1/Unity.app/Contents/MonoBleedingEdge/etc'
Using monoOptions --debugger-agent=transport=dt_socket,embedding=1,server=y,suspend=n,address=127.0.0.1:56174
Begin MonoManager ReloadAssembly
Registering precompiled unity dll's ...
Register platform support module: /Applications/Unity/Hub/Editor/2020.3.16f1/PlaybackEngines/WebGLSupport/UnityEditor.WebGL.Extensions.dll
Register platform support module: /Applications/Unity/Hub/Editor/2020.3.16f1/Unity.app/Contents/PlaybackEngines/MacStandaloneSupport/UnityEditor.OSXStandalone.Extensions.dll
Registered in 0.003414 seconds.
Native extension for OSXStandalone target not found
Native extension for WebGL target not found
Refreshing native plugins compatible for Editor in 41.82 ms, found 2 plugins.
Preloading 0 native plugins for Editor in 0.00 ms.
Mono: successfully reloaded assembly
- Completed reload, in  4.176 seconds
Domain Reload Profiling:
	ReloadAssembly (4176ms)
		BeginReloadAssembly (155ms)
			ExecutionOrderSort (0ms)
			DisableScriptedObjects (0ms)
			BackupInstance (0ms)
			ReleaseScriptingObjects (0ms)
			CreateAndSetChildDomain (7ms)
		EndReloadAssembly (799ms)
			LoadAssemblies (153ms)
			RebuildTransferFunctionScriptingTraits (0ms)
			SetupTypeCache (332ms)
			ReleaseScriptCaches (0ms)
			RebuildScriptCaches (64ms)
			SetupLoadedEditorAssemblies (311ms)
				LogAssemblyErrors (0ms)
				InitializePlatformSupportModulesInManaged (7ms)
				SetLoadedEditorAssemblies (0ms)
				RefreshPlugins (42ms)
				BeforeProcessingInitializeOnLoad (15ms)
				ProcessInitializeOnLoadAttributes (195ms)
				ProcessInitializeOnLoadMethodAttributes (52ms)
				AfterProcessingInitializeOnLoad (0ms)
				EditorAssembliesLoaded (1ms)
			ExecutionOrderSort2 (0ms)
			AwakeInstancesAfterBackupRestoration (0ms)
Platform modules already initialized, skipping
Registering precompiled user dll's ...
Registered in 0.008026 seconds.
Begin MonoManager ReloadAssembly
Native extension for OSXStandalone target not found
Native extension for WebGL target not found
Refreshing native plugins compatible for Editor in 44.89 ms, found 2 plugins.
Preloading 0 native plugins for Editor in 0.00 ms.
Mono: successfully reloaded assembly
- Completed reload, in  2.846 seconds
Domain Reload Profiling:
	ReloadAssembly (2848ms)
		BeginReloadAssembly (268ms)
			ExecutionOrderSort (0ms)
			DisableScriptedObjects (8ms)
			BackupInstance (0ms)
			ReleaseScriptingObjects (0ms)
			CreateAndSetChildDomain (53ms)
		EndReloadAssembly (2459ms)
			LoadAssemblies (147ms)
			RebuildTransferFunctionScriptingTraits (0ms)
			SetupTypeCache (882ms)
			ReleaseScriptCaches (0ms)
			RebuildScriptCaches (84ms)
			SetupLoadedEditorAssemblies (1119ms)
				LogAssemblyErrors (0ms)
				InitializePlatformSupportModulesInManaged (7ms)
				SetLoadedEditorAssemblies (0ms)
				RefreshPlugins (45ms)
				BeforeProcessingInitializeOnLoad (81ms)
				ProcessInitializeOnLoadAttributes (970ms)
				ProcessInitializeOnLoadMethodAttributes (13ms)
				AfterProcessingInitializeOnLoad (1ms)
				EditorAssembliesLoaded (0ms)
			ExecutionOrderSort2 (0ms)
			AwakeInstancesAfterBackupRestoration (11ms)
Platform modules already initialized, skipping
========================================================================
Worker process is ready to serve import requests
Launching external process: /Applications/Unity/Hub/Editor/2020.3.16f1/Unity.app/Contents/Tools/UnityShaderCompiler
Launched and connected shader compiler UnityShaderCompiler after 0.05 seconds
Refreshing native plugins compatible for Editor in 0.76 ms, found 2 plugins.
Preloading 0 native plugins for Editor in 0.00 ms.
Unloading 1522 Unused Serialized files (Serialized files now loaded: 0)
System memory in use before: 146.0 MB.
System memory in use after: 146.1 MB.

Unloading 18 unused Assets to reduce memory usage. Loaded Objects now: 1956.
Total: 4.824856 ms (FindLiveObjects: 0.184059 ms CreateObjectMapping: 0.047585 ms MarkObjects: 4.510443 ms  DeleteObjects: 0.081666 ms)

AssetImportParameters requested are different than current active one (requested -> active):
  custom:video-decoder-ogg-theora: a1e56fd34408186e4bbccfd4996cb3dc -> 
  custom:container-muxer-webm: aa71ff27fc2769a1b78a27578f13a17b -> 
  custom:container-demuxer-webm: 4f35f7cbe854078d1ac9338744f61a02 -> 
  custom:container-demuxer-ogg: 62fdf1f143b41e24485cea50d1cbac27 -> 
  custom:video-encoder-webm-vp8: eb34c28f22e8b96e1ab97ce403110664 -> 
  custom:framework-osx-AVFoundation: b23960f63f64bdc6ff669e2cdcee2391 -> 
  custom:video-decoder-webm-vp8: 9c59270c3fd7afecdb556c50c9e8de78 -> 
  custom:audio-decoder-ogg-vorbis: bf7c407c2cedff20999df2af8eb42d56 -> 
  custom:audio-encoder-webm-vorbis: bf7c407c2cedff20999df2af8eb42d56 -> 
========================================================================
Received Import Request.
  path: Packages/com.unity.collab-proxy/Editor/PlasticSCM/AssetOverlays/DrawAssetOverlay.cs
  artifactKey: Guid(d30dfeb72257204458e1e8e1576b84ba) Importer(815301076,1909f56bfc062723c751e8b465ee728b)
Start importing Packages/com.unity.collab-proxy/Editor/PlasticSCM/AssetOverlays/DrawAssetOverlay.cs using Guid(d30dfeb72257204458e1e8e1576b84ba) Importer(815301076,1909f56bfc062723c751e8b465ee728b)  -> (artifact id: '6af3e0688ab987469e4230b2c40636da') in 0.619610 seconds 
  Import took 0.624502 seconds .

========================================================================
Received Import Request.
  Time since last request: 0.000408 seconds.
  path: Assets/TextMesh Pro/Shaders/TMP_SDF Overlay.shader
  artifactKey: Guid(dd89cf5b9246416f84610a006f916af7) Importer(815301076,1909f56bfc062723c751e8b465ee728b)
Start importing Assets/TextMesh Pro/Shaders/TMP_SDF Overlay.shader using Guid(dd89cf5b9246416f84610a006f916af7) Importer(815301076,1909f56bfc062723c751e8b465ee728b)  -> (artifact id: 'abcc6beb54a574ef9059a4a72076f574') in 0.462559 seconds 
  Import took 0.467488 seconds .

========================================================================
Received Import Request.
  Time since last request: 0.000228 seconds.
  path: Packages/com.unity.collab-proxy/Tests/Editor/PlasticSCM/UI/EditorVersionTests.cs
  artifactKey: Guid(807bcb4611aec064eacc4bd9e73933da) Importer(815301076,1909f56bfc062723c751e8b465ee728b)
Start importing Packages/com.unity.collab-proxy/Tests/Editor/PlasticSCM/UI/EditorVersionTests.cs using Guid(807bcb4611aec064eacc4bd9e73933da) Importer(815301076,1909f56bfc062723c751e8b465ee728b)  -> (artifact id: '8628efb14b79c96388fd0c19fb085bfe') in 0.006805 seconds 
  Import took 0.012265 seconds .

========================================================================
Received Import Request.
  Time since last request: 0.000391 seconds.
  path: Packages/com.unity.collab-proxy/Editor/Collaborate/Views/Adapters/IAdapterObserver.cs
  artifactKey: Guid(6797ef5b31abfd44993cf9870584620e) Importer(815301076,1909f56bfc062723c751e8b465ee728b)
Start importing Packages/com.unity.collab-proxy/Editor/Collaborate/Views/Adapters/IAdapterObserver.cs using Guid(6797ef5b31abfd44993cf9870584620e) Importer(815301076,1909f56bfc062723c751e8b465ee728b)  -> (artifact id: 'e84503adba25a8ef199bcbca0ab7d917') in 0.006314 seconds 
  Import took 0.009523 seconds .

========================================================================
Received Import Request.
  Time since last request: 0.000284 seconds.
  path: Packages/com.unity.ide.rider/Rider/Editor/Util/SerializableVersion.cs
  artifactKey: Guid(8e1f00a9be2eb66438e2835fdf1ea11b) Importer(815301076,1909f56bfc062723c751e8b465ee728b)
Start importing Packages/com.unity.ide.rider/Rider/Editor/Util/SerializableVersion.cs using Guid(8e1f00a9be2eb66438e2835fdf1ea11b) Importer(815301076,1909f56bfc062723c751e8b465ee728b)  -> (artifact id: 'a5b7461fc41ec02b64ce0eb69b9b6b52') in 0.006820 seconds 
  Import took 0.010447 seconds .

========================================================================
Received Import Request.
  Time since last request: 0.000379 seconds.
  path: Packages/com.unity.collab-proxy/Editor/PlasticSCM/AssetOverlays
  artifactKey: Guid(491c192b16f732b4983b4a539908ad32) Importer(815301076,1909f56bfc062723c751e8b465ee728b)
Start importing Packages/com.unity.collab-proxy/Editor/PlasticSCM/AssetOverlays using Guid(491c192b16f732b4983b4a539908ad32) Importer(815301076,1909f56bfc062723c751e8b465ee728b)  -> (artifact id: '29af76ce502ee120c7941a3610d0f353') in 0.003346 seconds 
  Import took 0.006574 seconds .

========================================================================
Received Import Request.
  Time since last request: 0.000297 seconds.
  path: Packages/com.unity.textmeshpro/PackageConversionData.json
  artifactKey: Guid(05f5bfd584002f948982a1498890f9a9) Importer(815301076,1909f56bfc062723c751e8b465ee728b)
Start importing Packages/com.unity.textmeshpro/PackageConversionData.json using Guid(05f5bfd584002f948982a1498890f9a9) Importer(815301076,1909f56bfc062723c751e8b465ee728b)  -> (artifact id: '01918dd5d5cfe677fb3a38c6371fa687') in 0.648995 seconds 
  Import took 0.656049 seconds .

========================================================================
Received Import Request.
  Time since last request: 0.011206 seconds.
  path: Packages/com.unity.ide.visualstudio/Editor/VersionPair.cs
  artifactKey: Guid(ffe1bdf971d321f4db593c4c6ebd6e47) Importer(815301076,1909f56bfc062723c751e8b465ee728b)
Start importing Packages/com.unity.ide.visualstudio/Editor/VersionPair.cs using Guid(ffe1bdf971d321f4db593c4c6ebd6e47) Importer(815301076,1909f56bfc062723c751e8b465ee728b)  -> (artifact id: '73ebbb41745bfaaf31e9887e41094f15') in 0.003690 seconds 
  Import took 0.011960 seconds .

========================================================================
Received Import Request.
  Time since last request: 0.000300 seconds.
  path: Packages/com.unity.quicksearch/Editor/UnityVersion.cs
  artifactKey: Guid(ae31b2a475b028e4a9c51187e8268947) Importer(815301076,1909f56bfc062723c751e8b465ee728b)
Start importing Packages/com.unity.quicksearch/Editor/UnityVersion.cs using Guid(ae31b2a475b028e4a9c51187e8268947) Importer(815301076,1909f56bfc062723c751e8b465ee728b)  -> (artifact id: '7e518df4e6513005e7153ee2ea044fe4') in 0.004917 seconds 
  Import took 0.009805 seconds .

========================================================================
Received Import Request.
  Time since last request: 0.000261 seconds.
  path: Packages/com.unity.collab-proxy/Editor/PlasticSCM/UI/EditorVersion.cs
  artifactKey: Guid(0e1e2d80d9c79b042ab42fdf0b5c0b65) Importer(815301076,1909f56bfc062723c751e8b465ee728b)
Start importing Packages/com.unity.collab-proxy/Editor/PlasticSCM/UI/EditorVersion.cs using Guid(0e1e2d80d9c79b042ab42fdf0b5c0b65) Importer(815301076,1909f56bfc062723c751e8b465ee728b)  -> (artifact id: 'b73cb7f55551fcaa28dc19eaa0d46169') in 0.002769 seconds 
  Import took 0.007321 seconds .

========================================================================
Received Import Request.
  Time since last request: 0.000342 seconds.
  path: Packages/com.unity.textmeshpro/PackageConversionData_Assets.json
  artifactKey: Guid(0e0afa652c0031c48896a97b424d027b) Importer(815301076,1909f56bfc062723c751e8b465ee728b)
Start importing Packages/com.unity.textmeshpro/PackageConversionData_Assets.json using Guid(0e0afa652c0031c48896a97b424d027b) Importer(815301076,1909f56bfc062723c751e8b465ee728b)  -> (artifact id: '2890d36459c9886b418b4cc8fcabf179') in 0.005113 seconds 
  Import took 0.008069 seconds .

========================================================================
Received Import Request.
  Time since last request: 0.000265 seconds.
  path: Assets/TextMesh Pro/Shaders/TMP_SDF-Mobile Overlay.shader
  artifactKey: Guid(a02a7d8c237544f1962732b55a9aebf1) Importer(815301076,1909f56bfc062723c751e8b465ee728b)
Start importing Assets/TextMesh Pro/Shaders/TMP_SDF-Mobile Overlay.shader using Guid(a02a7d8c237544f1962732b55a9aebf1) Importer(815301076,1909f56bfc062723c751e8b465ee728b)  -> (artifact id: 'da031fe2a4d87746cca2c2a2b1e43f8d') in 0.003071 seconds 
  Import took 0.007720 seconds .

========================================================================
Received Prepare
Registering precompiled user dll's ...
Registered in 0.001992 seconds.
Begin MonoManager ReloadAssembly
Native extension for OSXStandalone target not found
Native extension for WebGL target not found
Refreshing native plugins compatible for Editor in 0.57 ms, found 2 plugins.
Preloading 0 native plugins for Editor in 0.00 ms.
Mono: successfully reloaded assembly
- Completed reload, in  2.985 seconds
Domain Reload Profiling:
	ReloadAssembly (2988ms)
		BeginReloadAssembly (369ms)
			ExecutionOrderSort (0ms)
			DisableScriptedObjects (15ms)
			BackupInstance (0ms)
			ReleaseScriptingObjects (0ms)
			CreateAndSetChildDomain (247ms)
		EndReloadAssembly (2441ms)
			LoadAssemblies (248ms)
			RebuildTransferFunctionScriptingTraits (0ms)
			SetupTypeCache (1077ms)
			ReleaseScriptCaches (1ms)
			RebuildScriptCaches (102ms)
			SetupLoadedEditorAssemblies (789ms)
				LogAssemblyErrors (0ms)
				InitializePlatformSupportModulesInManaged (15ms)
				SetLoadedEditorAssemblies (2ms)
				RefreshPlugins (1ms)
				BeforeProcessingInitializeOnLoad (86ms)
				ProcessInitializeOnLoadAttributes (673ms)
				ProcessInitializeOnLoadMethodAttributes (12ms)
				AfterProcessingInitializeOnLoad (1ms)
				EditorAssembliesLoaded (0ms)
			ExecutionOrderSort2 (0ms)
			AwakeInstancesAfterBackupRestoration (11ms)
Platform modules already initialized, skipping
Refreshing native plugins compatible for Editor in 0.40 ms, found 2 plugins.
Preloading 0 native plugins for Editor in 0.00 ms.
Unloading 1407 Unused Serialized files (Serialized files now loaded: 0)
System memory in use before: 155.3 MB.
System memory in use after: 155.5 MB.

Unloading 11 unused Assets to reduce memory usage. Loaded Objects now: 2011.
Total: 3.877021 ms (FindLiveObjects: 0.250687 ms CreateObjectMapping: 0.048644 ms MarkObjects: 3.533813 ms  DeleteObjects: 0.042902 ms)

AssetImportParameters requested are different than current active one (requested -> active):
  custom:video-decoder-ogg-theora: a1e56fd34408186e4bbccfd4996cb3dc -> 
  custom:container-muxer-webm: aa71ff27fc2769a1b78a27578f13a17b -> 
  custom:container-demuxer-webm: 4f35f7cbe854078d1ac9338744f61a02 -> 
  custom:container-demuxer-ogg: 62fdf1f143b41e24485cea50d1cbac27 -> 
  custom:video-encoder-webm-vp8: eb34c28f22e8b96e1ab97ce403110664 -> 
  custom:framework-osx-AVFoundation: b23960f63f64bdc6ff669e2cdcee2391 -> 
  custom:video-decoder-webm-vp8: 9c59270c3fd7afecdb556c50c9e8de78 -> 
  custom:audio-decoder-ogg-vorbis: bf7c407c2cedff20999df2af8eb42d56 -> 
  custom:audio-encoder-webm-vorbis: bf7c407c2cedff20999df2af8eb42d56 -> 
